<?xml version="1.0" encoding="UTF-8"?>
<testsuite name="com.youhogeon.kakaogpt.service.SearchServiceTest" tests="4" skipped="0" failures="0" errors="0" timestamp="2023-03-31T14:18:51" hostname="YOUHOGEON" time="0.015">
  <properties/>
  <testcase name="미지원_테스트()" classname="com.youhogeon.kakaogpt.service.SearchServiceTest" time="0.003"/>
  <testcase name="미지원_테스트_긴_내용()" classname="com.youhogeon.kakaogpt.service.SearchServiceTest" time="0.003"/>
  <testcase name="지원_응답_테스트()" classname="com.youhogeon.kakaogpt.service.SearchServiceTest" time="0.005"/>
  <testcase name="지원_테스트()" classname="com.youhogeon.kakaogpt.service.SearchServiceTest" time="0.001"/>
  <system-out><![CDATA[]]></system-out>
  <system-err><![CDATA[]]></system-err>
</testsuite>
